<?xml version="1.0" encoding="utf-8"?><testsuites name="pytest tests"><testsuite name="pytest" errors="0" failures="0" skipped="0" tests="15" time="2.051" timestamp="2026-03-01T06:11:03.142438+00:00" hostname="agent-env-1cf7b9ec-fa65-47cf-a97d-b616ada2c279"><testcase classname="backend.tests.test_trigger_mode.TestDistanceModeAlarms" name="test_create_distance_alarm" time="0.164" /><testcase classname="backend.tests.test_trigger_mode.TestDistanceModeAlarms" name="test_get_distance_alarm_verify_fields" time="0.096" /><testcase classname="backend.tests.test_trigger_mode.TestTimeModeAlarms" name="test_create_time_alarm" time="0.103" /><testcase classname="backend.tests.test_trigger_mode.TestTimeModeAlarms" name="test_get_time_alarm_verify_fields" time="0.120" /><testcase classname="backend.tests.test_trigger_mode.TestTimeModeAlarms" name="test_create_time_alarm_45min" time="0.108" /><testcase classname="backend.tests.test_trigger_mode.TestUpdateTriggerMode" name="test_update_distance_to_time" time="0.211" /><testcase classname="backend.tests.test_trigger_mode.TestUpdateTriggerMode" name="test_update_time_to_distance" time="0.108" /><testcase classname="backend.tests.test_trigger_mode.TestTripWithMixedModes" name="test_create_trip" time="0.100" /><testcase classname="backend.tests.test_trigger_mode.TestTripWithMixedModes" name="test_create_trip_waypoints_mixed_modes" time="0.319" /><testcase classname="backend.tests.test_trigger_mode.TestTripWithMixedModes" name="test_get_trip_alarms_verify_modes" time="0.107" /><testcase classname="backend.tests.test_trigger_mode.TestGetAlarmsIncludesTriggerFields" name="test_list_alarms_has_trigger_fields" time="0.113" /><testcase classname="backend.tests.test_trigger_mode.TestCleanupTriggerModeTests" name="test_cleanup_distance_alarm" time="0.120" /><testcase classname="backend.tests.test_trigger_mode.TestCleanupTriggerModeTests" name="test_cleanup_time_alarm" time="0.101" /><testcase classname="backend.tests.test_trigger_mode.TestCleanupTriggerModeTests" name="test_cleanup_time_alarm_45" time="0.125" /><testcase classname="backend.tests.test_trigger_mode.TestCleanupTriggerModeTests" name="test_cleanup_mixed_trip" time="0.103" /></testsuite></testsuites>