<?xml version="1.0" encoding="utf-8"?><testsuites name="pytest tests"><testsuite name="pytest" errors="0" failures="0" skipped="0" tests="14" time="4.859" timestamp="2026-03-01T05:27:31.477479+00:00" hostname="agent-env-1cf7b9ec-fa65-47cf-a97d-b616ada2c279"><testcase classname="backend.tests.test_geocode_apis.TestGeocodeAPIs" name="test_geocode_with_gps_bias" time="0.262" /><testcase classname="backend.tests.test_geocode_apis.TestGeocodeAPIs" name="test_geocode_without_gps" time="0.222" /><testcase classname="backend.tests.test_geocode_apis.TestGeocodeAPIs" name="test_geocode_empty_query" time="0.848" /><testcase classname="backend.tests.test_geocode_apis.TestGeocodeAPIs" name="test_reverse_geocode_success" time="0.172" /><testcase classname="backend.tests.test_geocode_apis.TestGeocodeAPIs" name="test_reverse_geocode_with_different_coords" time="0.355" /><testcase classname="backend.tests.test_geocode_apis.TestAlarmsCRUD" name="test_create_alarm" time="0.215" /><testcase classname="backend.tests.test_geocode_apis.TestAlarmsCRUD" name="test_get_all_alarms" time="0.110" /><testcase classname="backend.tests.test_geocode_apis.TestAlarmsCRUD" name="test_get_alarm_by_id" time="0.343" /><testcase classname="backend.tests.test_geocode_apis.TestAlarmsCRUD" name="test_update_alarm" time="0.434" /><testcase classname="backend.tests.test_geocode_apis.TestAlarmsCRUD" name="test_delete_alarm" time="0.308" /><testcase classname="backend.tests.test_geocode_apis.TestAlarmsCRUD" name="test_alarm_not_found" time="1.040" /><testcase classname="backend.tests.test_geocode_apis.TestTripsAPI" name="test_get_trips" time="0.121" /><testcase classname="backend.tests.test_geocode_apis.TestTripsAPI" name="test_create_trip" time="0.220" /><testcase classname="backend.tests.test_geocode_apis.TestAlarmHistory" name="test_get_alarm_history" time="0.097" /></testsuite></testsuites>