<?xml version="1.0" encoding="utf-8"?><testsuites name="pytest tests"><testsuite name="pytest" errors="0" failures="0" skipped="0" tests="18" time="6.526" timestamp="2026-03-01T05:41:18.430288+00:00" hostname="agent-env-1cf7b9ec-fa65-47cf-a97d-b616ada2c279"><testcase classname="backend.tests.test_crud_apis.TestAlarmsCRUD" name="test_get_alarms_empty" time="0.155" /><testcase classname="backend.tests.test_crud_apis.TestAlarmsCRUD" name="test_create_alarm" time="0.113" /><testcase classname="backend.tests.test_crud_apis.TestAlarmsCRUD" name="test_get_alarm_by_id" time="0.119" /><testcase classname="backend.tests.test_crud_apis.TestAlarmsCRUD" name="test_update_alarm" time="0.244" /><testcase classname="backend.tests.test_crud_apis.TestTripsCRUD" name="test_get_trips_empty" time="0.152" /><testcase classname="backend.tests.test_crud_apis.TestTripsCRUD" name="test_create_trip" time="0.099" /><testcase classname="backend.tests.test_crud_apis.TestTripsCRUD" name="test_get_trip_by_id" time="0.106" /><testcase classname="backend.tests.test_crud_apis.TestTripsCRUD" name="test_update_trip" time="0.220" /><testcase classname="backend.tests.test_crud_apis.TestTripsCRUD" name="test_create_trip_alarms" time="0.308" /><testcase classname="backend.tests.test_crud_apis.TestTripsCRUD" name="test_get_trip_alarms" time="0.143" /><testcase classname="backend.tests.test_crud_apis.TestAlarmHistory" name="test_get_history_empty" time="0.111" /><testcase classname="backend.tests.test_crud_apis.TestAlarmHistory" name="test_log_alarm_trigger" time="0.126" /><testcase classname="backend.tests.test_crud_apis.TestAlarmHistory" name="test_get_history_after_log" time="0.112" /><testcase classname="backend.tests.test_crud_apis.TestGeocodeAPIs" name="test_geocode_bangalore" time="1.201" /><testcase classname="backend.tests.test_crud_apis.TestGeocodeAPIs" name="test_geocode_with_gps_bias" time="1.538" /><testcase classname="backend.tests.test_crud_apis.TestGeocodeAPIs" name="test_reverse_geocode" time="1.182" /><testcase classname="backend.tests.test_crud_apis.TestCleanup" name="test_delete_alarm" time="0.204" /><testcase classname="backend.tests.test_crud_apis.TestCleanup" name="test_delete_trip" time="0.314" /></testsuite></testsuites>