<?xml version="1.0" encoding="utf-8"?><testsuites name="pytest tests"><testsuite name="pytest" errors="0" failures="0" skipped="0" tests="12" time="5.185" timestamp="2026-03-01T07:07:21.066865+00:00" hostname="agent-env-1cf7b9ec-fa65-47cf-a97d-b616ada2c279"><testcase classname="backend.tests.test_alarm_builder.TestHealthAndBasics" name="test_api_root" time="0.157" /><testcase classname="backend.tests.test_alarm_builder.TestHealthAndBasics" name="test_get_alarms_empty" time="0.123" /><testcase classname="backend.tests.test_alarm_builder.TestHealthAndBasics" name="test_get_trips_empty" time="0.108" /><testcase classname="backend.tests.test_alarm_builder.TestSingleAlarmCRUD" name="test_create_distance_alarm" time="0.324" /><testcase classname="backend.tests.test_alarm_builder.TestSingleAlarmCRUD" name="test_create_time_alarm" time="0.203" /><testcase classname="backend.tests.test_alarm_builder.TestSingleAlarmCRUD" name="test_update_alarm_trigger_mode" time="0.332" /><testcase classname="backend.tests.test_alarm_builder.TestTripWithMultipleStops" name="test_create_trip_with_three_stops" time="0.976" /><testcase classname="backend.tests.test_alarm_builder.TestTripWithMultipleStops" name="test_update_waypoint_trigger_mode" time="0.524" /><testcase classname="backend.tests.test_alarm_builder.TestGeocodeEndpoints" name="test_geocode_search" time="0.403" /><testcase classname="backend.tests.test_alarm_builder.TestGeocodeEndpoints" name="test_geocode_with_user_location" time="1.001" /><testcase classname="backend.tests.test_alarm_builder.TestGeocodeEndpoints" name="test_reverse_geocode" time="0.590" /><testcase classname="backend.tests.test_alarm_builder.TestAlarmListAndTrips" name="test_get_all_alarms_with_trigger_fields" time="0.329" /></testsuite></testsuites>