<?xml version="1.0" encoding="utf-8"?><testsuites name="pytest tests"><testsuite name="pytest" errors="0" failures="0" skipped="0" tests="21" time="5.138" timestamp="2026-03-01T07:22:44.538839+00:00" hostname="agent-env-1cf7b9ec-fa65-47cf-a97d-b616ada2c279"><testcase classname="backend.tests.test_dashboard_layout.TestHealthAndRoot" name="test_api_root" time="0.207" /><testcase classname="backend.tests.test_dashboard_layout.TestAlarmsCRUD" name="test_get_alarms" time="0.118" /><testcase classname="backend.tests.test_dashboard_layout.TestAlarmsCRUD" name="test_create_alarm" time="0.100" /><testcase classname="backend.tests.test_dashboard_layout.TestAlarmsCRUD" name="test_create_time_based_alarm" time="0.115" /><testcase classname="backend.tests.test_dashboard_layout.TestAlarmsCRUD" name="test_get_alarm_by_id" time="0.303" /><testcase classname="backend.tests.test_dashboard_layout.TestAlarmsCRUD" name="test_update_alarm" time="0.324" /><testcase classname="backend.tests.test_dashboard_layout.TestAlarmsCRUD" name="test_delete_alarm" time="0.331" /><testcase classname="backend.tests.test_dashboard_layout.TestAlarmsCRUD" name="test_toggle_alarm" time="0.413" /><testcase classname="backend.tests.test_dashboard_layout.TestTripsCRUD" name="test_get_trips" time="0.103" /><testcase classname="backend.tests.test_dashboard_layout.TestTripsCRUD" name="test_create_trip" time="0.097" /><testcase classname="backend.tests.test_dashboard_layout.TestTripsCRUD" name="test_get_trip_by_id" time="0.301" /><testcase classname="backend.tests.test_dashboard_layout.TestTripsCRUD" name="test_update_trip" time="0.348" /><testcase classname="backend.tests.test_dashboard_layout.TestTripsCRUD" name="test_delete_trip" time="0.305" /><testcase classname="backend.tests.test_dashboard_layout.TestTripAlarms" name="test_get_trip_alarms" time="0.533" /><testcase classname="backend.tests.test_dashboard_layout.TestSeededData" name="test_seeded_trip_exists" time="0.104" /><testcase classname="backend.tests.test_dashboard_layout.TestSeededData" name="test_seeded_trip_has_alarms" time="0.207" /><testcase classname="backend.tests.test_dashboard_layout.TestSeededData" name="test_standalone_office_alarm_exists" time="0.099" /><testcase classname="backend.tests.test_dashboard_layout.TestAlarmHistory" name="test_get_alarm_history" time="0.210" /><testcase classname="backend.tests.test_dashboard_layout.TestAlarmHistory" name="test_post_alarm_history" time="0.104" /><testcase classname="backend.tests.test_dashboard_layout.TestGeocode" name="test_geocode" time="0.565" /><testcase classname="backend.tests.test_dashboard_layout.TestGeocode" name="test_reverse_geocode" time="0.163" /></testsuite></testsuites>