<?xml version="1.0" encoding="utf-8"?><testsuites name="pytest tests"><testsuite name="pytest" errors="0" failures="0" skipped="0" tests="17" time="7.983" timestamp="2026-03-01T07:47:08.179682+00:00" hostname="agent-env-1cf7b9ec-fa65-47cf-a97d-b616ada2c279"><testcase classname="backend.tests.test_full_app.TestHealthAndRoot" name="test_api_root" time="0.186" /><testcase classname="backend.tests.test_full_app.TestAlarmsCRUD" name="test_get_alarms_initially_empty" time="0.137" /><testcase classname="backend.tests.test_full_app.TestAlarmsCRUD" name="test_create_alarm_distance_mode" time="0.317" /><testcase classname="backend.tests.test_full_app.TestAlarmsCRUD" name="test_create_alarm_time_mode" time="0.318" /><testcase classname="backend.tests.test_full_app.TestAlarmsCRUD" name="test_update_alarm" time="0.417" /><testcase classname="backend.tests.test_full_app.TestAlarmsCRUD" name="test_delete_alarm" time="0.326" /><testcase classname="backend.tests.test_full_app.TestAlarmsCRUD" name="test_alarm_not_found" time="0.104" /><testcase classname="backend.tests.test_full_app.TestTripsCRUD" name="test_get_trips_initially_empty" time="0.106" /><testcase classname="backend.tests.test_full_app.TestTripsCRUD" name="test_create_trip" time="0.346" /><testcase classname="backend.tests.test_full_app.TestTripsCRUD" name="test_update_trip" time="0.305" /><testcase classname="backend.tests.test_full_app.TestTripsCRUD" name="test_delete_trip_cascades_alarms" time="0.411" /><testcase classname="backend.tests.test_full_app.TestTripsCRUD" name="test_get_trip_alarms" time="0.610" /><testcase classname="backend.tests.test_full_app.TestGeocodingAPIs" name="test_geocode_bangalore" time="1.890" /><testcase classname="backend.tests.test_full_app.TestGeocodingAPIs" name="test_reverse_geocode" time="1.687" /><testcase classname="backend.tests.test_full_app.TestAlarmHistory" name="test_get_alarm_history_empty" time="0.101" /><testcase classname="backend.tests.test_full_app.TestAlarmHistory" name="test_log_alarm_trigger" time="0.129" /><testcase classname="backend.tests.test_full_app.TestFullTripCreationFlow" name="test_create_full_trip_bangalore_kurnool_hyderabad" time="0.499" /></testsuite></testsuites>